<?xml version="1.0" encoding="UTF-8"?>
<!-- Generated by org.testng.reporters.JUnitXMLReporter -->
<testsuite hostname="DESKTOP-8L83O0F" ignored="0" name="Hub Spot Functional Regression Test" tests="6" failures="0" timestamp="18 Jun 2020 13:14:53 GMT" time="34.507" errors="0">
  <testcase name="verifyLoginPageTitleTest" time="5.083" classname="com.qa.hubspot.tests.LoginPageTest"/>
  <testcase name="verifyHomePageTitleTest" time="0.027" classname="com.qa.hubspot.tests.HomePageTest"/>
  <testcase name="verifySignUpLinkTest" time="0.196" classname="com.qa.hubspot.tests.LoginPageTest"/>
  <testcase name="verifyHomePageHeaderTest" time="0.055" classname="com.qa.hubspot.tests.HomePageTest"/>
  <testcase name="LoginTest" time="0.95" classname="com.qa.hubspot.tests.LoginPageTest"/>
  <testcase name="verifyLoggedInUserAccountName" time="0.108" classname="com.qa.hubspot.tests.HomePageTest"/>
</testsuite> <!-- Hub Spot Functional Regression Test -->
